build 2/app/intermediates/manifest_merge_blame_file/debug/manifest-merger-blame-debug-report.txt
1<?xml version="1.0" encoding="utf-8"?>
2<manifest xmlns:android="http://schemas.android.com/apk/res/android"
3    package="com.grinta.grinta"
4    android:versionCode="1"
5    android:versionName="1.0.0" >
6
7    <uses-sdk
8        android:minSdkVersion="21"
9        android:targetSdkVersion="30" />
10    <!--
11         Flutter needs it to communicate with the running application
12         to allow setting breakpoints, to provide hot reload, etc.
13    -->
14    <uses-permission android:name="android.permission.INTERNET" />
14-->src/debug/AndroidManifest.xml:6:5-66
14-->src/debug/AndroidManifest.xml:6:22-64
15    <uses-permission android:name="android.permission.READ_EXTERNAL_STORAGE" />
15-->[:file_picker] AndroidManifest.xml:7:5-80
15-->[:file_picker] AndroidManifest.xml:7:22-77
16
17    <queries>
17-->[:file_picker] AndroidManifest.xml:9:5-15:15
18        <intent>
18-->[:file_picker] AndroidManifest.xml:10:9-14:18
19            <action android:name="android.intent.action.GET_CONTENT" />
19-->[:file_picker] AndroidManifest.xml:11:13-72
19-->[:file_picker] AndroidManifest.xml:11:21-69
20
21            <data android:mimeType="*/*" />
21-->[:file_picker] AndroidManifest.xml:13:13-44
21-->[:file_picker] AndroidManifest.xml:13:19-41
22        </intent>
23    </queries>
24
25    <uses-permission android:name="android.permission.ACCESS_NETWORK_STATE" />
25-->[com.google.firebase:firebase-auth:21.0.1] AndroidManifest.xml:24:5-79
25-->[com.google.firebase:firebase-auth:21.0.1] AndroidManifest.xml:24:22-76
26    <uses-permission android:name="android.permission.WAKE_LOCK" />
26-->[com.google.android.gms:play-services-measurement-api:19.0.1] AndroidManifest.xml:24:5-68
26-->[com.google.android.gms:play-services-measurement-api:19.0.1] AndroidManifest.xml:24:22-65
27    <uses-permission android:name="com.google.android.finsky.permission.BIND_GET_INSTALL_REFERRER_SERVICE" />
27-->[com.google.android.gms:play-services-measurement:19.0.1] AndroidManifest.xml:26:5-110
27-->[com.google.android.gms:play-services-measurement:19.0.1] AndroidManifest.xml:26:22-107
28
29    <application
29-->src/main/AndroidManifest.xml:3:4-40:19
30        android:appComponentFactory="androidx.core.app.CoreComponentFactory"
30-->[androidx.core:core:1.1.0] AndroidManifest.xml:24:18-86
31        android:debuggable="true"
32        android:icon="@mipmap/ic_launcher"
32-->src/main/AndroidManifest.xml:5:9-43
33        android:label="grinta" >
33-->src/main/AndroidManifest.xml:4:9-31
34        <activity
34-->src/main/AndroidManifest.xml:6:9-34:20
35            android:name="com.grinta.grinta.MainActivity"
35-->src/main/AndroidManifest.xml:7:13-41
36            android:configChanges="orientation|keyboardHidden|keyboard|screenSize|smallestScreenSize|locale|layoutDirection|fontScale|screenLayout|density|uiMode"
36-->src/main/AndroidManifest.xml:10:13-163
37            android:hardwareAccelerated="true"
37-->src/main/AndroidManifest.xml:11:13-47
38            android:launchMode="singleTop"
38-->src/main/AndroidManifest.xml:8:13-43
39            android:theme="@style/LaunchTheme"
39-->src/main/AndroidManifest.xml:9:13-47
40            android:windowSoftInputMode="adjustResize" >
40-->src/main/AndroidManifest.xml:12:13-55
41
42            <!--
43                 Specifies an Android theme to apply to this Activity as soon as
44                 the Android process has started. This theme is visible to the user
45                 while the Flutter UI initializes. After that, this theme continues
46                 to determine the Window background behind the Flutter UI.
47            -->
48            <meta-data
48-->src/main/AndroidManifest.xml:17:13-20:17
49                android:name="io.flutter.embedding.android.NormalTheme"
49-->src/main/AndroidManifest.xml:18:15-70
50                android:resource="@style/NormalTheme" />
50-->src/main/AndroidManifest.xml:19:15-52
51            <!--
52                 Displays an Android View that continues showing the launch screen
53                 Drawable until Flutter paints its first frame, then this splash
54                 screen fades out. A splash screen is useful to avoid any visual
55                 gap between the end of Android's launch screen and the painting of
56                 Flutter's first frame.
57            -->
58            <meta-data
58-->src/main/AndroidManifest.xml:26:13-29:17
59                android:name="io.flutter.embedding.android.SplashScreenDrawable"
59-->src/main/AndroidManifest.xml:27:15-79
60                android:resource="@drawable/launch_background" />
60-->src/main/AndroidManifest.xml:28:15-61
61
62            <intent-filter>
62-->src/main/AndroidManifest.xml:30:13-33:29
63                <action android:name="android.intent.action.MAIN" />
63-->src/main/AndroidManifest.xml:31:17-68
63-->src/main/AndroidManifest.xml:31:25-66
64
65                <category android:name="android.intent.category.LAUNCHER" />
65-->src/main/AndroidManifest.xml:32:17-76
65-->src/main/AndroidManifest.xml:32:27-74
66            </intent-filter>
67        </activity>
68        <!--
69             Don't delete the meta-data below.
70             This is used by the Flutter tool to generate GeneratedPluginRegistrant.java
71        -->
72        <meta-data
72-->src/main/AndroidManifest.xml:37:9-39:33
73            android:name="flutterEmbedding"
73-->src/main/AndroidManifest.xml:38:13-44
74            android:value="2" />
74-->src/main/AndroidManifest.xml:39:13-30
75
76        <service
76-->[:firebase_auth] AndroidManifest.xml:8:9-12:19
77            android:name="com.google.firebase.components.ComponentDiscoveryService"
77-->[:firebase_auth] AndroidManifest.xml:8:18-89
78            android:directBootAware="true"
78-->[com.google.firebase:firebase-common:20.0.0] AndroidManifest.xml:35:13-43
79            android:exported="false" >
79-->[com.google.firebase:firebase-auth:21.0.1] AndroidManifest.xml:76:13-37
80            <meta-data
80-->[:firebase_auth] AndroidManifest.xml:9:13-11:85
81                android:name="com.google.firebase.components:io.flutter.plugins.firebase.auth.FlutterFirebaseAuthRegistrar"
81-->[:firebase_auth] AndroidManifest.xml:10:17-124
82                android:value="com.google.firebase.components.ComponentRegistrar" />
82-->[:firebase_auth] AndroidManifest.xml:11:17-82
83            <meta-data
83-->[:firebase_storage] AndroidManifest.xml:9:13-11:85
84                android:name="com.google.firebase.components:io.flutter.plugins.firebase.storage.FlutterFirebaseAppRegistrar"
84-->[:firebase_storage] AndroidManifest.xml:10:17-126
85                android:value="com.google.firebase.components.ComponentRegistrar" />
85-->[:firebase_storage] AndroidManifest.xml:11:17-82
86            <meta-data
86-->[:cloud_firestore] AndroidManifest.xml:9:13-11:85
87                android:name="com.google.firebase.components:io.flutter.plugins.firebase.firestore.FlutterFirebaseFirestoreRegistrar"
87-->[:cloud_firestore] AndroidManifest.xml:10:17-134
88                android:value="com.google.firebase.components.ComponentRegistrar" />
88-->[:cloud_firestore] AndroidManifest.xml:11:17-82
89            <meta-data
89-->[:firebase_core] AndroidManifest.xml:9:13-11:85
90                android:name="com.google.firebase.components:io.flutter.plugins.firebase.core.FlutterFirebaseCoreRegistrar"
90-->[:firebase_core] AndroidManifest.xml:10:17-124
91                android:value="com.google.firebase.components.ComponentRegistrar" />
91-->[:firebase_core] AndroidManifest.xml:11:17-82
92            <meta-data
92-->[com.google.firebase:firebase-auth:21.0.1] AndroidManifest.xml:77:13-79:85
93                android:name="com.google.firebase.components:com.google.firebase.auth.FirebaseAuthRegistrar"
93-->[com.google.firebase:firebase-auth:21.0.1] AndroidManifest.xml:78:17-109
94                android:value="com.google.firebase.components.ComponentRegistrar" />
94-->[com.google.firebase:firebase-auth:21.0.1] AndroidManifest.xml:79:17-82
95            <meta-data
95-->[com.google.firebase:firebase-firestore:23.0.3] AndroidManifest.xml:20:13-22:85
96                android:name="com.google.firebase.components:com.google.firebase.firestore.FirestoreRegistrar"
96-->[com.google.firebase:firebase-firestore:23.0.3] AndroidManifest.xml:21:17-111
97                android:value="com.google.firebase.components.ComponentRegistrar" />
97-->[com.google.firebase:firebase-firestore:23.0.3] AndroidManifest.xml:22:17-82
98            <meta-data
98-->[com.google.firebase:firebase-storage:20.0.0] AndroidManifest.xml:33:13-35:85
99                android:name="com.google.firebase.components:com.google.firebase.storage.StorageRegistrar"
99-->[com.google.firebase:firebase-storage:20.0.0] AndroidManifest.xml:34:17-107
100                android:value="com.google.firebase.components.ComponentRegistrar" />
100-->[com.google.firebase:firebase-storage:20.0.0] AndroidManifest.xml:35:17-82
101            <meta-data
101-->[com.google.android.gms:play-services-measurement-api:19.0.1] AndroidManifest.xml:30:13-32:85
102                android:name="com.google.firebase.components:com.google.firebase.analytics.connector.internal.AnalyticsConnectorRegistrar"
102-->[com.google.android.gms:play-services-measurement-api:19.0.1] AndroidManifest.xml:31:17-139
103                android:value="com.google.firebase.components.ComponentRegistrar" />
103-->[com.google.android.gms:play-services-measurement-api:19.0.1] AndroidManifest.xml:32:17-82
104            <meta-data
104-->[com.google.firebase:firebase-installations:17.0.0] AndroidManifest.xml:18:13-20:85
105                android:name="com.google.firebase.components:com.google.firebase.installations.FirebaseInstallationsRegistrar"
105-->[com.google.firebase:firebase-installations:17.0.0] AndroidManifest.xml:19:17-127
106                android:value="com.google.firebase.components.ComponentRegistrar" />
106-->[com.google.firebase:firebase-installations:17.0.0] AndroidManifest.xml:20:17-82
107        </service>
108
109        <provider
109-->[:image_picker] AndroidManifest.xml:8:9-16:20
110            android:name="io.flutter.plugins.imagepicker.ImagePickerFileProvider"
110-->[:image_picker] AndroidManifest.xml:9:13-82
111            android:authorities="com.grinta.grinta.flutter.image_provider"
111-->[:image_picker] AndroidManifest.xml:10:13-74
112            android:exported="false"
112-->[:image_picker] AndroidManifest.xml:11:13-37
113            android:grantUriPermissions="true" >
113-->[:image_picker] AndroidManifest.xml:12:13-47
114            <meta-data
114-->[:image_picker] AndroidManifest.xml:13:13-15:75
115                android:name="android.support.FILE_PROVIDER_PATHS"
115-->[:image_picker] AndroidManifest.xml:14:17-67
116                android:resource="@xml/flutter_image_picker_file_paths" />
116-->[:image_picker] AndroidManifest.xml:15:17-72
117        </provider>
118
119        <activity
119-->[com.google.firebase:firebase-auth:21.0.1] AndroidManifest.xml:27:9-44:20
120            android:name="com.google.firebase.auth.internal.GenericIdpActivity"
120-->[com.google.firebase:firebase-auth:21.0.1] AndroidManifest.xml:28:13-80
121            android:excludeFromRecents="true"
121-->[com.google.firebase:firebase-auth:21.0.1] AndroidManifest.xml:29:13-46
122            android:exported="true"
122-->[com.google.firebase:firebase-auth:21.0.1] AndroidManifest.xml:30:13-36
123            android:launchMode="singleTask"
123-->[com.google.firebase:firebase-auth:21.0.1] AndroidManifest.xml:31:13-44
124            android:theme="@android:style/Theme.Translucent.NoTitleBar" >
124-->[com.google.firebase:firebase-auth:21.0.1] AndroidManifest.xml:32:13-72
125            <intent-filter>
125-->[com.google.firebase:firebase-auth:21.0.1] AndroidManifest.xml:33:13-43:29
126                <action android:name="android.intent.action.VIEW" />
126-->[com.google.firebase:firebase-auth:21.0.1] AndroidManifest.xml:34:17-69
126-->[com.google.firebase:firebase-auth:21.0.1] AndroidManifest.xml:34:25-66
127
128                <category android:name="android.intent.category.DEFAULT" />
128-->[com.google.firebase:firebase-auth:21.0.1] AndroidManifest.xml:36:17-76
128-->[com.google.firebase:firebase-auth:21.0.1] AndroidManifest.xml:36:27-73
129                <category android:name="android.intent.category.BROWSABLE" />
129-->[com.google.firebase:firebase-auth:21.0.1] AndroidManifest.xml:37:17-78
129-->[com.google.firebase:firebase-auth:21.0.1] AndroidManifest.xml:37:27-75
130
131                <data
131-->[:file_picker] AndroidManifest.xml:13:13-44
132                    android:host="firebase.auth"
133                    android:path="/"
134                    android:scheme="genericidp" />
135            </intent-filter>
136        </activity>
137        <activity
137-->[com.google.firebase:firebase-auth:21.0.1] AndroidManifest.xml:45:9-62:20
138            android:name="com.google.firebase.auth.internal.RecaptchaActivity"
138-->[com.google.firebase:firebase-auth:21.0.1] AndroidManifest.xml:46:13-79
139            android:excludeFromRecents="true"
139-->[com.google.firebase:firebase-auth:21.0.1] AndroidManifest.xml:47:13-46
140            android:exported="true"
140-->[com.google.firebase:firebase-auth:21.0.1] AndroidManifest.xml:48:13-36
141            android:launchMode="singleTask"
141-->[com.google.firebase:firebase-auth:21.0.1] AndroidManifest.xml:49:13-44
142            android:theme="@android:style/Theme.Translucent.NoTitleBar" >
142-->[com.google.firebase:firebase-auth:21.0.1] AndroidManifest.xml:50:13-72
143            <intent-filter>
143-->[com.google.firebase:firebase-auth:21.0.1] AndroidManifest.xml:51:13-61:29
144                <action android:name="android.intent.action.VIEW" />
144-->[com.google.firebase:firebase-auth:21.0.1] AndroidManifest.xml:34:17-69
144-->[com.google.firebase:firebase-auth:21.0.1] AndroidManifest.xml:34:25-66
145
146                <category android:name="android.intent.category.DEFAULT" />
146-->[com.google.firebase:firebase-auth:21.0.1] AndroidManifest.xml:36:17-76
146-->[com.google.firebase:firebase-auth:21.0.1] AndroidManifest.xml:36:27-73
147                <category android:name="android.intent.category.BROWSABLE" />
147-->[com.google.firebase:firebase-auth:21.0.1] AndroidManifest.xml:37:17-78
147-->[com.google.firebase:firebase-auth:21.0.1] AndroidManifest.xml:37:27-75
148
149                <data
149-->[:file_picker] AndroidManifest.xml:13:13-44
150                    android:host="firebase.auth"
151                    android:path="/"
152                    android:scheme="recaptcha" />
153            </intent-filter>
154        </activity>
155
156        <service
156-->[com.google.firebase:firebase-auth:21.0.1] AndroidManifest.xml:64:9-73:19
157            android:name="com.google.firebase.auth.api.fallback.service.FirebaseAuthFallbackService"
157-->[com.google.firebase:firebase-auth:21.0.1] AndroidManifest.xml:65:13-101
158            android:enabled="true"
158-->[com.google.firebase:firebase-auth:21.0.1] AndroidManifest.xml:66:13-35
159            android:exported="false" >
159-->[com.google.firebase:firebase-auth:21.0.1] AndroidManifest.xml:67:13-37
160            <intent-filter>
160-->[com.google.firebase:firebase-auth:21.0.1] AndroidManifest.xml:68:13-72:29
161                <action android:name="com.google.firebase.auth.api.gms.service.START" />
161-->[com.google.firebase:firebase-auth:21.0.1] AndroidManifest.xml:69:17-89
161-->[com.google.firebase:firebase-auth:21.0.1] AndroidManifest.xml:69:25-86
162
163                <category android:name="android.intent.category.DEFAULT" />
163-->[com.google.firebase:firebase-auth:21.0.1] AndroidManifest.xml:36:17-76
163-->[com.google.firebase:firebase-auth:21.0.1] AndroidManifest.xml:36:27-73
164            </intent-filter>
165        </service>
166
167        <provider
167-->[com.google.firebase:firebase-common:20.0.0] AndroidManifest.xml:26:9-31:39
168            android:name="com.google.firebase.provider.FirebaseInitProvider"
168-->[com.google.firebase:firebase-common:20.0.0] AndroidManifest.xml:27:13-77
169            android:authorities="com.grinta.grinta.firebaseinitprovider"
169-->[com.google.firebase:firebase-common:20.0.0] AndroidManifest.xml:28:13-72
170            android:directBootAware="true"
170-->[com.google.firebase:firebase-common:20.0.0] AndroidManifest.xml:29:13-43
171            android:exported="false"
171-->[com.google.firebase:firebase-common:20.0.0] AndroidManifest.xml:30:13-37
172            android:initOrder="100" />
172-->[com.google.firebase:firebase-common:20.0.0] AndroidManifest.xml:31:13-36
173
174        <activity
174-->[com.google.android.gms:play-services-base:17.1.0] AndroidManifest.xml:23:9-26:75
175            android:name="com.google.android.gms.common.api.GoogleApiActivity"
175-->[com.google.android.gms:play-services-base:17.1.0] AndroidManifest.xml:24:13-79
176            android:exported="false"
176-->[com.google.android.gms:play-services-base:17.1.0] AndroidManifest.xml:25:13-37
177            android:theme="@android:style/Theme.Translucent.NoTitleBar" />
177-->[com.google.android.gms:play-services-base:17.1.0] AndroidManifest.xml:26:13-72
178
179        <receiver
179-->[com.google.android.gms:play-services-measurement:19.0.1] AndroidManifest.xml:29:9-33:20
180            android:name="com.google.android.gms.measurement.AppMeasurementReceiver"
180-->[com.google.android.gms:play-services-measurement:19.0.1] AndroidManifest.xml:30:13-85
181            android:enabled="true"
181-->[com.google.android.gms:play-services-measurement:19.0.1] AndroidManifest.xml:31:13-35
182            android:exported="false" >
182-->[com.google.android.gms:play-services-measurement:19.0.1] AndroidManifest.xml:32:13-37
183        </receiver>
184
185        <service
185-->[com.google.android.gms:play-services-measurement:19.0.1] AndroidManifest.xml:35:9-38:40
186            android:name="com.google.android.gms.measurement.AppMeasurementService"
186-->[com.google.android.gms:play-services-measurement:19.0.1] AndroidManifest.xml:36:13-84
187            android:enabled="true"
187-->[com.google.android.gms:play-services-measurement:19.0.1] AndroidManifest.xml:37:13-35
188            android:exported="false" />
188-->[com.google.android.gms:play-services-measurement:19.0.1] AndroidManifest.xml:38:13-37
189        <service
189-->[com.google.android.gms:play-services-measurement:19.0.1] AndroidManifest.xml:39:9-43:72
190            android:name="com.google.android.gms.measurement.AppMeasurementJobService"
190-->[com.google.android.gms:play-services-measurement:19.0.1] AndroidManifest.xml:40:13-87
191            android:enabled="true"
191-->[com.google.android.gms:play-services-measurement:19.0.1] AndroidManifest.xml:41:13-35
192            android:exported="false"
192-->[com.google.android.gms:play-services-measurement:19.0.1] AndroidManifest.xml:42:13-37
193            android:permission="android.permission.BIND_JOB_SERVICE" />
193-->[com.google.android.gms:play-services-measurement:19.0.1] AndroidManifest.xml:43:13-69
194
195        <meta-data
195-->[com.google.android.gms:play-services-basement:17.1.0] AndroidManifest.xml:23:9-25:69
196            android:name="com.google.android.gms.version"
196-->[com.google.android.gms:play-services-basement:17.1.0] AndroidManifest.xml:24:13-58
197            android:value="@integer/google_play_services_version" />
197-->[com.google.android.gms:play-services-basement:17.1.0] AndroidManifest.xml:25:13-66
198    </application>
199
200</manifest>